<?xml version="1.0" encoding="UTF-8"?>
<!-- Generated by org.testng.reporters.JUnitReportReporter -->
<testsuite hostname="LAPTOP-J66Q2AT5" failures="0" tests="2" name="Framework.LoginSignUpTest" time="121.688" errors="0" timestamp="2022-11-23T21:01:21 IST" skipped="0">
  <testcase classname="Framework.LoginSignUpTest" name="DoSignUp" time="104.339"/>
  <system-out/>
  <testcase classname="Framework.LoginSignUpTest" name="LoginUser" time="17.349"/>
  <system-out/>
</testsuite> <!-- Framework.LoginSignUpTest -->
