<?xml version="1.0" encoding="UTF-8"?>
<!-- Generated by org.testng.reporters.JUnitReportReporter -->
<testsuite hostname="LAPTOP-J66Q2AT5" failures="0" tests="2" name="Framework.LoginSignUpTest" time="23.899" errors="0" timestamp="2022-11-01T04:29:05 IST" skipped="0">
  <testcase classname="Framework.LoginSignUpTest" name="LoginUser" time="6.183"/>
  <system-out/>
  <testcase classname="Framework.LoginSignUpTest" name="DoSignUp" time="17.716"/>
  <system-out/>
</testsuite> <!-- Framework.LoginSignUpTest -->
