<?xml version="1.0" encoding="UTF-8"?>
<!-- Generated by org.testng.reporters.JUnitReportReporter -->
<testsuite hostname="LAPTOP-J66Q2AT5" failures="0" tests="2" name="Framework.LoginSignUpTest" time="81.270" errors="0" timestamp="2022-11-24T22:33:01 IST" skipped="0">
  <testcase classname="Framework.LoginSignUpTest" name="LoginUser" time="13.905"/>
  <system-out/>
  <testcase classname="Framework.LoginSignUpTest" name="DoSignUp" time="67.365"/>
  <system-out/>
</testsuite> <!-- Framework.LoginSignUpTest -->
